
Build and version information

Build number 5.10.24
Build date   20240701
Built:       
      by     hp
      on     hp-HP-Pavilion-Gaming-Laptop-15-ec0xxx
      git id 9325b9c29ad62a733df16f540968e33ee6c78260
      with   GNU Fortran Ubuntu 12.3.0-1ubuntu1~23.04 12.3.0
Current date 2025-10- 3 and time 21:32:29

Welcome in qprep modification date 20240701


- Reading input from LMRR_WT2_ASN87A_solvated_solvated_solvated_solvation.inp 

Reading molecular library /home/hp/nayanika/github/LmrR_EVB/parameters/qoplsaa.lib

name  atoms  net Q  bonds  rules   imps Q-grps
ALA      10   0.00      9      0      2      3
NAL      12   1.00     11      0      1      3
ALC      12   0.00     11      0      1      3
ARG      24   1.00     23      0      6      4
ARN      23   0.00     22      0      5      5
ASH      13   0.00     12      0      3      3
ASN      14   0.00     13      0      4      5
ASP      12  -1.00     11      0      3      3
CLA       1  -1.00      0      0      0    none, creating default
CYS      11   0.00     10      0      2      3
CYX      10   0.00      9      0      2      3
GLH      16   0.00     15      0      3      4
GLN      17   0.00     16      0      4      6
GLU      15  -1.00     14      0      3      4
GLY       7   0.00      6      0      2      2
NGL       9   1.00      8      0      1      2
GLC       9   0.00      8      0      1      2
HID      17   0.00     17      0      6      3
HIE      17   0.00     17      0      6      3
HIP      18   1.00     18      0      7      3
ILE      19   0.00     18      0      2      6
LEU      19   0.00     18      0      2      6
LYN      21   0.00     20      0      2      6
LYS      22   1.00     21      0      2      6
MET      17  -0.00     16      0      2      4
PHE      20   0.00     20      0      8      8
PRO      14   0.00     14      0      2      4
SER      11  -0.00     10      0      2      3
SOD       1   1.00      0      0      0      1
THR      14  -0.00     13      0      2      4
HOH       3   0.00      3      0      0      1
TRP      24   0.00     25      0     11      8
TYR      21   0.00     21      0      8      8
VAL      16   0.00     15      0      2      5
NME       6  -0.00      5      0      1      1
ACE       6   0.00      5      0      1      2

Accumulated no. of library entries loaded =  36


Reading molecular library /home/hp/nayanika/github/LmrR_EVB/parameters/LMRR.lib

name  atoms  net Q  bonds  rules   imps Q-grps
IND      19  -0.00     20      0      9      1
PAF      25  -0.00     25      0      8      1
prd      37   1.00     38      0     10      1
HO2       3   0.00      2      0      0      1
IMI      40   1.00     40      0     11      1

Accumulated no. of library entries loaded =  41


Reading force field parameter file.
Forcefield name:               OPLS-AA
Forcefield type:               AMBER
Lennard-Jones combination rule:GEOMETRIC
Scaling of 1-4 electrostatics: 0.500
Cut-off rule:                  switching atoms
Improper potential:            PERIODIC
Improper generation:           EXPLICIT
Coulomb constant:              332.0716
Read  208 atom types
>>>>> WARNING: No SYBYL name for one or more atom types.
Read    0 atom type alias names
Read    0 LJ type 2 pairs
Read  295 bond types
Read   51 unique bond parameters
>>>>> WARNING: No SYBYL bond type for one or more bond types.
Read  669 angle types
Read  106  unique angle parameters
Read 1852 torsion types
Read  274 unique torsion parameters
Read   95 improper types
Force field parameters successfully read.


PDB file contains  7094 atoms.
The number of atoms in the topology will be  7094
molecule    1: MET     1 - LYS   110
molecule    2: ALA   111 - ILE   223
molecule    3: IMI   224
molecule    4: IND   225
molecule    5: HO2   226
molecule    6: HOH   227
molecule    7: HOH   228
molecule    8: HOH   229
molecule    9: HOH   230
molecule   10: HOH   231
molecule   11: HOH   232
molecule   12: HOH   233
molecule   13: HOH   234
molecule   14: HOH   235
molecule   15: HOH   236
molecule   16: HOH   237
molecule   17: HOH   238
molecule   18: HOH   239
molecule   19: HOH   240
molecule   20: HOH   241
molecule   21: HOH   242
molecule   22: HOH   243
molecule   23: HOH   244
molecule   24: HOH   245
molecule   25: HOH   246
molecule   26: HOH   247
molecule   27: HOH   248
molecule   28: HOH   249
molecule   29: HOH   250
molecule   30: HOH   251
molecule   31: HOH   252
molecule   32: HOH   253
molecule   33: HOH   254
molecule   34: HOH   255
molecule   35: HOH   256
molecule   36: HOH   257
molecule   37: HOH   258
molecule   38: HOH   259
molecule   39: HOH   260
molecule   40: HOH   261
molecule   41: HOH   262
molecule   42: HOH   263
molecule   43: HOH   264
molecule   44: HOH   265
molecule   45: HOH   266
molecule   46: HOH   267
molecule   47: HOH   268
molecule   48: HOH   269
molecule   49: HOH   270
molecule   50: HOH   271
molecule   51: HOH   272
molecule   52: HOH   273
molecule   53: HOH   274
molecule   54: HOH   275
molecule   55: HOH   276
molecule   56: HOH   277
molecule   57: HOH   278
molecule   58: HOH   279
molecule   59: HOH   280
molecule   60: HOH   281
molecule   61: HOH   282
molecule   62: HOH   283
molecule   63: HOH   284
molecule   64: HOH   285
molecule   65: HOH   286
molecule   66: HOH   287
molecule   67: HOH   288
molecule   68: HOH   289
molecule   69: HOH   290
molecule   70: HOH   291
molecule   71: HOH   292
molecule   72: HOH   293
molecule   73: HOH   294
molecule   74: HOH   295
molecule   75: HOH   296
molecule   76: HOH   297
molecule   77: HOH   298
molecule   78: HOH   299
molecule   79: HOH   300
molecule   80: HOH   301
molecule   81: HOH   302
molecule   82: HOH   303
molecule   83: HOH   304
molecule   84: HOH   305
molecule   85: HOH   306
molecule   86: HOH   307
molecule   87: HOH   308
molecule   88: HOH   309
molecule   89: HOH   310
molecule   90: HOH   311
molecule   91: HOH   312
molecule   92: HOH   313
molecule   93: HOH   314
molecule   94: HOH   315
molecule   95: HOH   316
molecule   96: HOH   317
molecule   97: HOH   318
molecule   98: HOH   319
molecule   99: HOH   320
molecule  100: HOH   321
molecule  101: HOH   322
molecule  102: HOH   323
molecule  103: HOH   324
molecule  104: HOH   325
molecule  105: HOH   326
molecule  106: HOH   327
molecule  107: HOH   328
molecule  108: HOH   329
molecule  109: HOH   330
molecule  110: HOH   331
molecule  111: HOH   332
molecule  112: HOH   333
molecule  113: HOH   334
molecule  114: HOH   335
molecule  115: HOH   336
molecule  116: HOH   337
molecule  117: HOH   338
molecule  118: HOH   339
molecule  119: HOH   340
molecule  120: HOH   341
molecule  121: HOH   342
molecule  122: HOH   343
molecule  123: HOH   344
molecule  124: HOH   345
molecule  125: HOH   346
molecule  126: HOH   347
molecule  127: HOH   348
molecule  128: HOH   349
molecule  129: HOH   350
molecule  130: HOH   351
molecule  131: HOH   352
molecule  132: HOH   353
molecule  133: HOH   354
molecule  134: HOH   355
molecule  135: HOH   356
molecule  136: HOH   357
molecule  137: HOH   358
molecule  138: HOH   359
molecule  139: HOH   360
molecule  140: HOH   361
molecule  141: HOH   362
molecule  142: HOH   363
molecule  143: HOH   364
molecule  144: HOH   365
molecule  145: HOH   366
molecule  146: HOH   367
molecule  147: HOH   368
molecule  148: HOH   369
molecule  149: HOH   370
molecule  150: HOH   371
molecule  151: HOH   372
molecule  152: HOH   373
molecule  153: HOH   374
molecule  154: HOH   375
molecule  155: HOH   376
molecule  156: HOH   377
molecule  157: HOH   378
molecule  158: HOH   379
molecule  159: HOH   380
molecule  160: HOH   381
molecule  161: HOH   382
molecule  162: HOH   383
molecule  163: HOH   384
molecule  164: HOH   385
molecule  165: HOH   386
molecule  166: HOH   387
molecule  167: HOH   388
molecule  168: HOH   389
molecule  169: HOH   390
molecule  170: HOH   391
molecule  171: HOH   392
molecule  172: HOH   393
molecule  173: HOH   394
molecule  174: HOH   395
molecule  175: HOH   396
molecule  176: HOH   397
molecule  177: HOH   398
molecule  178: HOH   399
molecule  179: HOH   400
molecule  180: HOH   401
molecule  181: HOH   402
molecule  182: HOH   403
molecule  183: HOH   404
molecule  184: HOH   405
molecule  185: HOH   406
molecule  186: HOH   407
molecule  187: HOH   408
molecule  188: HOH   409
molecule  189: HOH   410
molecule  190: HOH   411
molecule  191: HOH   412
molecule  192: HOH   413
molecule  193: HOH   414
molecule  194: HOH   415
molecule  195: HOH   416
molecule  196: HOH   417
molecule  197: HOH   418
molecule  198: HOH   419
molecule  199: HOH   420
molecule  200: HOH   421
molecule  201: HOH   422
molecule  202: HOH   423
molecule  203: HOH   424
molecule  204: HOH   425
molecule  205: HOH   426
molecule  206: HOH   427
molecule  207: HOH   428
molecule  208: HOH   429
molecule  209: HOH   430
molecule  210: HOH   431
molecule  211: HOH   432
molecule  212: HOH   433
molecule  213: HOH   434
molecule  214: HOH   435
molecule  215: HOH   436
molecule  216: HOH   437
molecule  217: HOH   438
molecule  218: HOH   439
molecule  219: HOH   440
molecule  220: HOH   441
molecule  221: HOH   442
molecule  222: HOH   443
molecule  223: HOH   444
molecule  224: HOH   445
molecule  225: HOH   446
molecule  226: HOH   447
molecule  227: HOH   448
molecule  228: HOH   449
molecule  229: HOH   450
molecule  230: HOH   451
molecule  231: HOH   452
molecule  232: HOH   453
molecule  233: HOH   454
molecule  234: HOH   455
molecule  235: HOH   456
molecule  236: HOH   457
molecule  237: HOH   458
molecule  238: HOH   459
molecule  239: HOH   460
molecule  240: HOH   461
molecule  241: HOH   462
molecule  242: HOH   463
molecule  243: HOH   464
molecule  244: HOH   465
molecule  245: HOH   466
molecule  246: HOH   467
molecule  247: HOH   468
molecule  248: HOH   469
molecule  249: HOH   470
molecule  250: HOH   471
molecule  251: HOH   472
molecule  252: HOH   473
molecule  253: HOH   474
molecule  254: HOH   475
molecule  255: HOH   476
molecule  256: HOH   477
molecule  257: HOH   478
molecule  258: HOH   479
molecule  259: HOH   480
molecule  260: HOH   481
molecule  261: HOH   482
molecule  262: HOH   483
molecule  263: HOH   484
molecule  264: HOH   485
molecule  265: HOH   486
molecule  266: HOH   487
molecule  267: HOH   488
molecule  268: HOH   489
molecule  269: HOH   490
molecule  270: HOH   491
molecule  271: HOH   492
molecule  272: HOH   493
molecule  273: HOH   494
molecule  274: HOH   495
molecule  275: HOH   496
molecule  276: HOH   497
molecule  277: HOH   498
molecule  278: HOH   499
molecule  279: HOH   500
molecule  280: HOH   501
molecule  281: HOH   502
molecule  282: HOH   503
molecule  283: HOH   504
molecule  284: HOH   505
molecule  285: HOH   506
molecule  286: HOH   507
molecule  287: HOH   508
molecule  288: HOH   509
molecule  289: HOH   510
molecule  290: HOH   511
molecule  291: HOH   512
molecule  292: HOH   513
molecule  293: HOH   514
molecule  294: HOH   515
molecule  295: HOH   516
molecule  296: HOH   517
molecule  297: HOH   518
molecule  298: HOH   519
molecule  299: HOH   520
molecule  300: HOH   521
molecule  301: HOH   522
molecule  302: HOH   523
molecule  303: HOH   524
molecule  304: HOH   525
molecule  305: HOH   526
molecule  306: HOH   527
molecule  307: HOH   528
molecule  308: HOH   529
molecule  309: HOH   530
molecule  310: HOH   531
molecule  311: HOH   532
molecule  312: HOH   533
molecule  313: HOH   534
molecule  314: HOH   535
molecule  315: HOH   536
molecule  316: HOH   537
molecule  317: HOH   538
molecule  318: HOH   539
molecule  319: HOH   540
molecule  320: HOH   541
molecule  321: HOH   542
molecule  322: HOH   543
molecule  323: HOH   544
molecule  324: HOH   545
molecule  325: HOH   546
molecule  326: HOH   547
molecule  327: HOH   548
molecule  328: HOH   549
molecule  329: HOH   550
molecule  330: HOH   551
molecule  331: HOH   552
molecule  332: HOH   553
molecule  333: HOH   554
molecule  334: HOH   555
molecule  335: HOH   556
molecule  336: HOH   557
molecule  337: HOH   558
molecule  338: HOH   559
molecule  339: HOH   560
molecule  340: HOH   561
molecule  341: HOH   562
molecule  342: HOH   563
molecule  343: HOH   564
molecule  344: HOH   565
molecule  345: HOH   566
molecule  346: HOH   567
molecule  347: HOH   568
molecule  348: HOH   569
molecule  349: HOH   570
molecule  350: HOH   571
molecule  351: HOH   572
molecule  352: HOH   573
molecule  353: HOH   574
molecule  354: HOH   575
molecule  355: HOH   576
molecule  356: HOH   577
molecule  357: HOH   578
molecule  358: HOH   579
molecule  359: HOH   580
molecule  360: HOH   581
molecule  361: HOH   582
molecule  362: HOH   583
molecule  363: HOH   584
molecule  364: HOH   585
molecule  365: HOH   586
molecule  366: HOH   587
molecule  367: HOH   588
molecule  368: HOH   589
molecule  369: HOH   590
molecule  370: HOH   591
molecule  371: HOH   592
molecule  372: HOH   593
molecule  373: HOH   594
molecule  374: HOH   595
molecule  375: HOH   596
molecule  376: HOH   597
molecule  377: HOH   598
molecule  378: HOH   599
molecule  379: HOH   600
molecule  380: HOH   601
molecule  381: HOH   602
molecule  382: HOH   603
molecule  383: HOH   604
molecule  384: HOH   605
molecule  385: HOH   606
molecule  386: HOH   607
molecule  387: HOH   608
molecule  388: HOH   609
molecule  389: HOH   610
molecule  390: HOH   611
molecule  391: HOH   612
molecule  392: HOH   613
molecule  393: HOH   614
molecule  394: HOH   615
molecule  395: HOH   616
molecule  396: HOH   617
molecule  397: HOH   618
molecule  398: HOH   619
molecule  399: HOH   620
molecule  400: HOH   621
molecule  401: HOH   622
molecule  402: HOH   623
molecule  403: HOH   624
molecule  404: HOH   625
molecule  405: HOH   626
molecule  406: HOH   627
molecule  407: HOH   628
molecule  408: HOH   629
molecule  409: HOH   630
molecule  410: HOH   631
molecule  411: HOH   632
molecule  412: HOH   633
molecule  413: HOH   634
molecule  414: HOH   635
molecule  415: HOH   636
molecule  416: HOH   637
molecule  417: HOH   638
molecule  418: HOH   639
molecule  419: HOH   640
molecule  420: HOH   641
molecule  421: HOH   642
molecule  422: HOH   643
molecule  423: HOH   644
molecule  424: HOH   645
molecule  425: HOH   646
molecule  426: HOH   647
molecule  427: HOH   648
molecule  428: HOH   649
molecule  429: HOH   650
molecule  430: HOH   651
molecule  431: HOH   652
molecule  432: HOH   653
molecule  433: HOH   654
molecule  434: HOH   655
molecule  435: HOH   656
molecule  436: HOH   657
molecule  437: HOH   658
molecule  438: HOH   659
molecule  439: HOH   660
molecule  440: HOH   661
molecule  441: HOH   662
molecule  442: HOH   663
molecule  443: HOH   664
molecule  444: HOH   665
molecule  445: HOH   666
molecule  446: HOH   667
molecule  447: HOH   668
molecule  448: HOH   669
molecule  449: HOH   670
molecule  450: HOH   671
molecule  451: HOH   672
molecule  452: HOH   673
molecule  453: HOH   674
molecule  454: HOH   675
molecule  455: HOH   676
molecule  456: HOH   677
molecule  457: HOH   678
molecule  458: HOH   679
molecule  459: HOH   680
molecule  460: HOH   681
molecule  461: HOH   682
molecule  462: HOH   683
molecule  463: HOH   684
molecule  464: HOH   685
molecule  465: HOH   686
molecule  466: HOH   687
molecule  467: HOH   688
molecule  468: HOH   689
molecule  469: HOH   690
molecule  470: HOH   691
molecule  471: HOH   692
molecule  472: HOH   693
molecule  473: HOH   694
molecule  474: HOH   695
molecule  475: HOH   696
molecule  476: HOH   697
molecule  477: HOH   698
molecule  478: HOH   699
molecule  479: HOH   700
molecule  480: HOH   701
molecule  481: HOH   702
molecule  482: HOH   703
molecule  483: HOH   704
molecule  484: HOH   705
molecule  485: HOH   706
molecule  486: HOH   707
molecule  487: HOH   708
molecule  488: HOH   709
molecule  489: HOH   710
molecule  490: HOH   711
molecule  491: HOH   712
molecule  492: HOH   713
molecule  493: HOH   714
molecule  494: HOH   715
molecule  495: HOH   716
molecule  496: HOH   717
molecule  497: HOH   718
molecule  498: HOH   719
molecule  499: HOH   720
molecule  500: HOH   721
molecule  501: HOH   722
molecule  502: HOH   723
molecule  503: HOH   724
molecule  504: HOH   725
molecule  505: HOH   726
molecule  506: HOH   727
molecule  507: HOH   728
molecule  508: HOH   729
molecule  509: HOH   730
molecule  510: HOH   731
molecule  511: HOH   732
molecule  512: HOH   733
molecule  513: HOH   734
molecule  514: HOH   735
molecule  515: HOH   736
molecule  516: HOH   737
molecule  517: HOH   738
molecule  518: HOH   739
molecule  519: HOH   740
molecule  520: HOH   741
molecule  521: HOH   742
molecule  522: HOH   743
molecule  523: HOH   744
molecule  524: HOH   745
molecule  525: HOH   746
molecule  526: HOH   747
molecule  527: HOH   748
molecule  528: HOH   749
molecule  529: HOH   750
molecule  530: HOH   751
molecule  531: HOH   752
molecule  532: HOH   753
molecule  533: HOH   754
molecule  534: HOH   755
molecule  535: HOH   756
molecule  536: HOH   757
molecule  537: HOH   758
molecule  538: HOH   759
molecule  539: HOH   760
molecule  540: HOH   761
molecule  541: HOH   762
molecule  542: HOH   763
molecule  543: HOH   764
molecule  544: HOH   765
molecule  545: HOH   766
molecule  546: HOH   767
molecule  547: HOH   768
molecule  548: HOH   769
molecule  549: HOH   770
molecule  550: HOH   771
molecule  551: HOH   772
molecule  552: HOH   773
molecule  553: HOH   774
molecule  554: HOH   775
molecule  555: HOH   776
molecule  556: HOH   777
molecule  557: HOH   778
molecule  558: HOH   779
molecule  559: HOH   780
molecule  560: HOH   781
molecule  561: HOH   782
molecule  562: HOH   783
molecule  563: HOH   784
molecule  564: HOH   785
molecule  565: HOH   786
molecule  566: HOH   787
molecule  567: HOH   788
molecule  568: HOH   789
molecule  569: HOH   790
molecule  570: HOH   791
molecule  571: HOH   792
molecule  572: HOH   793
molecule  573: HOH   794
molecule  574: HOH   795
molecule  575: HOH   796
molecule  576: HOH   797
molecule  577: HOH   798
molecule  578: HOH   799
molecule  579: HOH   800
molecule  580: HOH   801
molecule  581: HOH   802
molecule  582: HOH   803
molecule  583: HOH   804
molecule  584: HOH   805
molecule  585: HOH   806
molecule  586: HOH   807
molecule  587: HOH   808
molecule  588: HOH   809
molecule  589: HOH   810
molecule  590: HOH   811
molecule  591: HOH   812
molecule  592: HOH   813
molecule  593: HOH   814
molecule  594: HOH   815
molecule  595: HOH   816
molecule  596: HOH   817
molecule  597: HOH   818
molecule  598: HOH   819
molecule  599: HOH   820
molecule  600: HOH   821
molecule  601: HOH   822
molecule  602: HOH   823
molecule  603: HOH   824
molecule  604: HOH   825
molecule  605: HOH   826
molecule  606: HOH   827
molecule  607: HOH   828
molecule  608: HOH   829
molecule  609: HOH   830
molecule  610: HOH   831
molecule  611: HOH   832
molecule  612: HOH   833
molecule  613: HOH   834
molecule  614: HOH   835
molecule  615: HOH   836
molecule  616: HOH   837
molecule  617: HOH   838
molecule  618: HOH   839
molecule  619: HOH   840
molecule  620: HOH   841
molecule  621: HOH   842
molecule  622: HOH   843
molecule  623: HOH   844
molecule  624: HOH   845
molecule  625: HOH   846
molecule  626: HOH   847
molecule  627: HOH   848
molecule  628: HOH   849
molecule  629: HOH   850
molecule  630: HOH   851
molecule  631: HOH   852
molecule  632: HOH   853
molecule  633: HOH   854
molecule  634: HOH   855
molecule  635: HOH   856
molecule  636: HOH   857
molecule  637: HOH   858
molecule  638: HOH   859
molecule  639: HOH   860
molecule  640: HOH   861
molecule  641: HOH   862
molecule  642: HOH   863
molecule  643: HOH   864
molecule  644: HOH   865
molecule  645: HOH   866
molecule  646: HOH   867
molecule  647: HOH   868
molecule  648: HOH   869
molecule  649: HOH   870
molecule  650: HOH   871
molecule  651: HOH   872
molecule  652: HOH   873
molecule  653: HOH   874
molecule  654: HOH   875
molecule  655: HOH   876
molecule  656: HOH   877
molecule  657: HOH   878
molecule  658: HOH   879
molecule  659: HOH   880
molecule  660: HOH   881
molecule  661: HOH   882
molecule  662: HOH   883
molecule  663: HOH   884
molecule  664: HOH   885
molecule  665: HOH   886
molecule  666: HOH   887
molecule  667: HOH   888
molecule  668: HOH   889
molecule  669: HOH   890
molecule  670: HOH   891
molecule  671: HOH   892
molecule  672: HOH   893
molecule  673: HOH   894
molecule  674: HOH   895
molecule  675: HOH   896
molecule  676: HOH   897
molecule  677: HOH   898
molecule  678: HOH   899
molecule  679: HOH   900
molecule  680: HOH   901
molecule  681: HOH   902
molecule  682: HOH   903
molecule  683: HOH   904
molecule  684: HOH   905
molecule  685: HOH   906
molecule  686: HOH   907
molecule  687: HOH   908
molecule  688: HOH   909
molecule  689: HOH   910
molecule  690: HOH   911
molecule  691: HOH   912
molecule  692: HOH   913
molecule  693: HOH   914
molecule  694: HOH   915
molecule  695: HOH   916
molecule  696: HOH   917
molecule  697: HOH   918
molecule  698: HOH   919
molecule  699: HOH   920
molecule  700: HOH   921
molecule  701: HOH   922
molecule  702: HOH   923
molecule  703: HOH   924
molecule  704: HOH   925
molecule  705: HOH   926
molecule  706: HOH   927
molecule  707: HOH   928
molecule  708: HOH   929
molecule  709: HOH   930
molecule  710: HOH   931
molecule  711: HOH   932
molecule  712: HOH   933
molecule  713: HOH   934
molecule  714: HOH   935
molecule  715: HOH   936
molecule  716: HOH   937
molecule  717: HOH   938
molecule  718: HOH   939
molecule  719: HOH   940
molecule  720: HOH   941
molecule  721: HOH   942
molecule  722: HOH   943
molecule  723: HOH   944
molecule  724: HOH   945
molecule  725: HOH   946
molecule  726: HOH   947
molecule  727: HOH   948
molecule  728: HOH   949
molecule  729: HOH   950
molecule  730: HOH   951
molecule  731: HOH   952
molecule  732: HOH   953
molecule  733: HOH   954
molecule  734: HOH   955
molecule  735: HOH   956
molecule  736: HOH   957
molecule  737: HOH   958
molecule  738: HOH   959
molecule  739: HOH   960
molecule  740: HOH   961
molecule  741: HOH   962
molecule  742: HOH   963
molecule  743: HOH   964
molecule  744: HOH   965
molecule  745: HOH   966
molecule  746: HOH   967
molecule  747: HOH   968
molecule  748: HOH   969
molecule  749: HOH   970
molecule  750: HOH   971
molecule  751: HOH   972
molecule  752: HOH   973
molecule  753: HOH   974
molecule  754: HOH   975
molecule  755: HOH   976
molecule  756: HOH   977
molecule  757: HOH   978
molecule  758: HOH   979
molecule  759: HOH   980
molecule  760: HOH   981
molecule  761: HOH   982
molecule  762: HOH   983
molecule  763: HOH   984
molecule  764: HOH   985
molecule  765: HOH   986
molecule  766: HOH   987
molecule  767: HOH   988
molecule  768: HOH   989
molecule  769: HOH   990
molecule  770: HOH   991
molecule  771: HOH   992
molecule  772: HOH   993
molecule  773: HOH   994
molecule  774: HOH   995
molecule  775: HOH   996
molecule  776: HOH   997
molecule  777: HOH   998
molecule  778: HOH   999
molecule  779: HOH  1000
molecule  780: HOH  1001
molecule  781: HOH  1002
molecule  782: HOH  1003
molecule  783: HOH  1004
molecule  784: HOH  1005
molecule  785: HOH  1006
molecule  786: HOH  1007
molecule  787: HOH  1008
molecule  788: HOH  1009
molecule  789: HOH  1010
molecule  790: HOH  1011
molecule  791: HOH  1012
molecule  792: HOH  1013
molecule  793: HOH  1014
molecule  794: HOH  1015
molecule  795: HOH  1016
molecule  796: HOH  1017
molecule  797: HOH  1018
molecule  798: HOH  1019
molecule  799: HOH  1020
molecule  800: HOH  1021
molecule  801: HOH  1022
molecule  802: HOH  1023
molecule  803: HOH  1024
molecule  804: HOH  1025
molecule  805: HOH  1026
molecule  806: HOH  1027
molecule  807: HOH  1028
molecule  808: HOH  1029
molecule  809: HOH  1030
molecule  810: HOH  1031
molecule  811: HOH  1032
molecule  812: HOH  1033
molecule  813: HOH  1034
molecule  814: HOH  1035
molecule  815: HOH  1036
molecule  816: HOH  1037
molecule  817: HOH  1038
molecule  818: HOH  1039
molecule  819: HOH  1040
molecule  820: HOH  1041
molecule  821: HOH  1042
molecule  822: HOH  1043
molecule  823: HOH  1044
molecule  824: HOH  1045
molecule  825: HOH  1046
molecule  826: HOH  1047
molecule  827: HOH  1048
molecule  828: HOH  1049
molecule  829: HOH  1050
molecule  830: HOH  1051
molecule  831: HOH  1052
molecule  832: HOH  1053
molecule  833: HOH  1054
molecule  834: HOH  1055
molecule  835: HOH  1056
molecule  836: HOH  1057
molecule  837: HOH  1058
molecule  838: HOH  1059
molecule  839: HOH  1060
molecule  840: HOH  1061
molecule  841: HOH  1062
molecule  842: HOH  1063
molecule  843: HOH  1064
molecule  844: HOH  1065
molecule  845: HOH  1066
molecule  846: HOH  1067
molecule  847: HOH  1068
molecule  848: HOH  1069
molecule  849: HOH  1070
molecule  850: HOH  1071
molecule  851: HOH  1072
molecule  852: HOH  1073
molecule  853: HOH  1074
molecule  854: HOH  1075
molecule  855: HOH  1076
molecule  856: HOH  1077
molecule  857: HOH  1078
molecule  858: HOH  1079
molecule  859: HOH  1080
molecule  860: HOH  1081
molecule  861: HOH  1082
molecule  862: HOH  1083
molecule  863: HOH  1084
molecule  864: HOH  1085
molecule  865: HOH  1086
molecule  866: HOH  1087
molecule  867: HOH  1088
molecule  868: HOH  1089
molecule  869: HOH  1090
molecule  870: HOH  1091
molecule  871: HOH  1092
molecule  872: HOH  1093
molecule  873: HOH  1094
molecule  874: HOH  1095
molecule  875: HOH  1096
molecule  876: HOH  1097
molecule  877: HOH  1098
molecule  878: HOH  1099
molecule  879: HOH  1100
molecule  880: HOH  1101
molecule  881: HOH  1102
molecule  882: HOH  1103
molecule  883: HOH  1104
molecule  884: HOH  1105
molecule  885: HOH  1106
molecule  886: HOH  1107
molecule  887: HOH  1108
molecule  888: HOH  1109
molecule  889: HOH  1110
molecule  890: HOH  1111
molecule  891: HOH  1112
molecule  892: HOH  1113
molecule  893: HOH  1114
molecule  894: HOH  1115
molecule  895: HOH  1116
molecule  896: HOH  1117
molecule  897: HOH  1118
molecule  898: HOH  1119
molecule  899: HOH  1120
molecule  900: HOH  1121
molecule  901: HOH  1122
molecule  902: HOH  1123
molecule  903: HOH  1124
molecule  904: HOH  1125
molecule  905: HOH  1126
molecule  906: HOH  1127
molecule  907: HOH  1128
molecule  908: HOH  1129
molecule  909: HOH  1130
molecule  910: HOH  1131
molecule  911: HOH  1132
molecule  912: HOH  1133
molecule  913: HOH  1134
molecule  914: HOH  1135
molecule  915: HOH  1136
molecule  916: HOH  1137
molecule  917: HOH  1138
molecule  918: HOH  1139
molecule  919: HOH  1140
molecule  920: HOH  1141
molecule  921: HOH  1142
molecule  922: HOH  1143
molecule  923: HOH  1144
molecule  924: HOH  1145
molecule  925: HOH  1146
molecule  926: HOH  1147
molecule  927: HOH  1148
molecule  928: HOH  1149
molecule  929: HOH  1150
molecule  930: HOH  1151
molecule  931: HOH  1152
molecule  932: HOH  1153
molecule  933: HOH  1154
molecule  934: HOH  1155
molecule  935: HOH  1156
molecule  936: HOH  1157
molecule  937: HOH  1158
molecule  938: HOH  1159
molecule  939: HOH  1160
molecule  940: HOH  1161
molecule  941: HOH  1162
molecule  942: HOH  1163
molecule  943: HOH  1164
molecule  944: HOH  1165
molecule  945: HOH  1166
molecule  946: HOH  1167
molecule  947: HOH  1168
molecule  948: HOH  1169
molecule  949: HOH  1170
molecule  950: HOH  1171
molecule  951: HOH  1172
molecule  952: HOH  1173
molecule  953: HOH  1174
molecule  954: HOH  1175
molecule  955: HOH  1176
molecule  956: HOH  1177
molecule  957: HOH  1178
molecule  958: HOH  1179
molecule  959: HOH  1180
molecule  960: HOH  1181
molecule  961: HOH  1182
molecule  962: HOH  1183
molecule  963: HOH  1184
molecule  964: HOH  1185
molecule  965: HOH  1186
molecule  966: HOH  1187
molecule  967: HOH  1188
molecule  968: HOH  1189
molecule  969: HOH  1190
molecule  970: HOH  1191
molecule  971: HOH  1192
molecule  972: HOH  1193
molecule  973: HOH  1194
molecule  974: HOH  1195
molecule  975: HOH  1196
molecule  976: HOH  1197
molecule  977: HOH  1198
molecule  978: HOH  1199
molecule  979: HOH  1200
molecule  980: HOH  1201
molecule  981: HOH  1202
molecule  982: HOH  1203
molecule  983: HOH  1204
molecule  984: HOH  1205
molecule  985: HOH  1206
molecule  986: HOH  1207
molecule  987: HOH  1208
molecule  988: HOH  1209
molecule  989: HOH  1210
molecule  990: HOH  1211
molecule  991: HOH  1212
molecule  992: HOH  1213
molecule  993: HOH  1214
molecule  994: HOH  1215
molecule  995: HOH  1216
molecule  996: HOH  1217
molecule  997: HOH  1218
molecule  998: HOH  1219
molecule  999: HOH  1220
molecule 1000: HOH  1221
molecule 1001: HOH  1222
molecule 1002: HOH  1223
molecule 1003: HOH  1224
molecule 1004: HOH  1225
molecule 1005: HOH  1226
molecule 1006: HOH  1227
molecule 1007: HOH  1228
molecule 1008: HOH  1229
molecule 1009: HOH  1230
molecule 1010: HOH  1231
molecule 1011: HOH  1232
molecule 1012: HOH  1233
molecule 1013: HOH  1234
molecule 1014: HOH  1235
molecule 1015: HOH  1236
molecule 1016: HOH  1237
molecule 1017: HOH  1238
molecule 1018: HOH  1239
molecule 1019: HOH  1240
molecule 1020: HOH  1241
molecule 1021: HOH  1242
molecule 1022: HOH  1243
molecule 1023: HOH  1244
molecule 1024: HOH  1245
molecule 1025: HOH  1246
molecule 1026: HOH  1247
molecule 1027: HOH  1248
molecule 1028: HOH  1249
molecule 1029: HOH  1250
molecule 1030: HOH  1251
molecule 1031: HOH  1252
molecule 1032: HOH  1253
molecule 1033: HOH  1254
molecule 1034: HOH  1255
molecule 1035: HOH  1256
molecule 1036: HOH  1257
molecule 1037: HOH  1258
molecule 1038: HOH  1259
molecule 1039: HOH  1260
molecule 1040: HOH  1261
molecule 1041: HOH  1262
molecule 1042: HOH  1263
molecule 1043: HOH  1264
molecule 1044: HOH  1265
molecule 1045: HOH  1266
molecule 1046: HOH  1267
molecule 1047: HOH  1268
molecule 1048: HOH  1269
molecule 1049: HOH  1270
molecule 1050: HOH  1271
molecule 1051: HOH  1272
molecule 1052: HOH  1273
molecule 1053: HOH  1274
molecule 1054: HOH  1275
molecule 1055: HOH  1276
molecule 1056: HOH  1277
molecule 1057: HOH  1278
molecule 1058: HOH  1279
molecule 1059: HOH  1280
molecule 1060: HOH  1281
molecule 1061: HOH  1282
molecule 1062: HOH  1283
molecule 1063: HOH  1284
molecule 1064: HOH  1285
molecule 1065: HOH  1286
molecule 1066: HOH  1287
molecule 1067: HOH  1288
molecule 1068: HOH  1289
molecule 1069: HOH  1290
molecule 1070: HOH  1291
molecule 1071: HOH  1292
molecule 1072: HOH  1293
molecule 1073: HOH  1294
molecule 1074: HOH  1295
molecule 1075: HOH  1296
molecule 1076: HOH  1297
molecule 1077: HOH  1298
molecule 1078: HOH  1299
molecule 1079: HOH  1300
molecule 1080: HOH  1301
molecule 1081: HOH  1302
molecule 1082: HOH  1303
molecule 1083: HOH  1304
molecule 1084: HOH  1305
molecule 1085: HOH  1306
molecule 1086: HOH  1307
molecule 1087: HOH  1308
molecule 1088: HOH  1309
molecule 1089: HOH  1310
molecule 1090: HOH  1311
molecule 1091: HOH  1312
molecule 1092: HOH  1313
molecule 1093: HOH  1314
molecule 1094: HOH  1315
molecule 1095: HOH  1316
molecule 1096: HOH  1317
molecule 1097: HOH  1318
molecule 1098: HOH  1319
molecule 1099: HOH  1320
molecule 1100: HOH  1321
molecule 1101: HOH  1322
molecule 1102: HOH  1323
molecule 1103: HOH  1324
molecule 1104: HOH  1325
molecule 1105: HOH  1326
molecule 1106: HOH  1327
molecule 1107: HOH  1328
molecule 1108: HOH  1329
molecule 1109: HOH  1330
molecule 1110: HOH  1331
molecule 1111: HOH  1332
molecule 1112: HOH  1333
molecule 1113: HOH  1334
molecule 1114: HOH  1335
molecule 1115: HOH  1336
molecule 1116: HOH  1337
molecule 1117: HOH  1338
molecule 1118: HOH  1339
molecule 1119: HOH  1340
molecule 1120: HOH  1341
molecule 1121: HOH  1342
molecule 1122: HOH  1343
molecule 1123: HOH  1344
molecule 1124: HOH  1345
molecule 1125: HOH  1346
molecule 1126: HOH  1347
molecule 1127: HOH  1348
molecule 1128: HOH  1349
molecule 1129: HOH  1350
molecule 1130: HOH  1351
molecule 1131: HOH  1352
molecule 1132: HOH  1353
molecule 1133: HOH  1354
molecule 1134: HOH  1355
molecule 1135: HOH  1356

Successfully read PDB file with 1135 molecules,
 1356 residues totally (  226 in solute).
 7094 atoms totally ( 3704 in solute).

Sequence listing:

MET  ALA  GLU  ILE  PRO  LYS  GLU  MET  LEU  ARG  ALA  GLN  THR  ASN  ILE  LEU 
LEU  ASN  VAL  LEU  LYS  GLN  GLY  ASP  ASN  TYR  VAL  TYR  GLY  ILE  ILE  LYS 
GLN  VAL  LYS  GLU  ALA  SER  ASN  GLY  GLU  MET  GLU  LEU  ASN  GLU  ALA  THR 
LEU  TYR  THR  ILE  PHE  LYS  ARG  LEU  GLU  LYS  ASP  GLY  ILE  ILE  SER  SER 
TYR  TRP  GLY  ASP  GLU  SER  GLN  GLY  GLY  ARG  ARG  LYS  TYR  TYR  ARG  LEU 
THR  GLU  ILE  GLY  HID  GLU  ALA  MET  ARG  LEU  ALA  PHE  GLU  SER  TRP  SER 
ARG  VAL  ASP  LYS  ILE  ILE  GLU  ASN  LEU  GLU  ALA  ASN  LYS  LYS  ALA  GLU 
ILE  PRO  LYS  GLU  MET  LEU  ARG  ALA  GLN  THR  ASN  ILE  LEU  LEU  ASN  VAL 
LEU  LYS  GLN  GLY  ASP  ASN  TYR  VAL  TYR  GLY  ILE  ILE  LYS  GLN  VAL  LYS 
GLU  ALA  SER  ASN  GLY  GLU  MET  GLU  LEU  ASN  GLU  ALA  THR  LEU  TYR  THR 
ILE  PHE  LYS  ARG  LEU  GLU  LYS  ASP  GLY  ILE  ILE  SER  SER  TYR  TRP  GLY 
ASP  GLU  SER  GLN  GLY  GLY  ARG  ARG  LYS  TYR  TYR  ARG  LEU  THR  GLU  ILE 
GLY  HID  GLU  ALA  MET  ARG  LEU  ALA  PHE  GLU  SER  TRP  SER  ARG  VAL  ASP 
LYS  ILE  ILE  GLU  ASN  LEU  GLU  ALA  ASN  LYS  LYS  SER  GLU  ALA  ILE  IMI 
IND  HO2  HOH  HOH  HOH  HOH  HOH  HOH  HOH  HOH  HOH  HOH  HOH  HOH  HOH  HOH 
HOH  HOH  HOH  HOH  HOH  HOH  HOH  HOH  HOH  HOH  HOH  HOH  HOH  HOH  HOH  HOH 
HOH  HOH  HOH  HOH  HOH  HOH  HOH  HOH  HOH  HOH  HOH  HOH  HOH  HOH  HOH  HOH 
HOH  HOH  HOH  HOH  HOH  HOH  HOH  HOH  HOH  HOH  HOH  HOH  HOH  HOH  HOH  HOH 
HOH  HOH  HOH  HOH  HOH  HOH  HOH  HOH  HOH  HOH  HOH  HOH  HOH  HOH  HOH  HOH 
HOH  HOH  HOH  HOH  HOH  HOH  HOH  HOH  HOH  HOH  HOH  HOH  HOH  HOH  HOH  HOH 
HOH  HOH  HOH  HOH  HOH  HOH  HOH  HOH  HOH  HOH  HOH  HOH  HOH  HOH  HOH  HOH 
HOH  HOH  HOH  HOH  HOH  HOH  HOH  HOH  HOH  HOH  HOH  HOH  HOH  HOH  HOH  HOH 
HOH  HOH  HOH  HOH  HOH  HOH  HOH  HOH  HOH  HOH  HOH  HOH  HOH  HOH  HOH  HOH 
HOH  HOH  HOH  HOH  HOH  HOH  HOH  HOH  HOH  HOH  HOH  HOH  HOH  HOH  HOH  HOH 
HOH  HOH  HOH  HOH  HOH  HOH  HOH  HOH  HOH  HOH  HOH  HOH  HOH  HOH  HOH  HOH 
HOH  HOH  HOH  HOH  HOH  HOH  HOH  HOH  HOH  HOH  HOH  HOH  HOH  HOH  HOH  HOH 
HOH  HOH  HOH  HOH  HOH  HOH  HOH  HOH  HOH  HOH  HOH  HOH  HOH  HOH  HOH  HOH 
HOH  HOH  HOH  HOH  HOH  HOH  HOH  HOH  HOH  HOH  HOH  HOH  HOH  HOH  HOH  HOH 
HOH  HOH  HOH  HOH  HOH  HOH  HOH  HOH  HOH  HOH  HOH  HOH  HOH  HOH  HOH  HOH 
HOH  HOH  HOH  HOH  HOH  HOH  HOH  HOH  HOH  HOH  HOH  HOH  HOH  HOH  HOH  HOH 
HOH  HOH  HOH  HOH  HOH  HOH  HOH  HOH  HOH  HOH  HOH  HOH  HOH  HOH  HOH  HOH 
HOH  HOH  HOH  HOH  HOH  HOH  HOH  HOH  HOH  HOH  HOH  HOH  HOH  HOH  HOH  HOH 
HOH  HOH  HOH  HOH  HOH  HOH  HOH  HOH  HOH  HOH  HOH  HOH  HOH  HOH  HOH  HOH 
HOH  HOH  HOH  HOH  HOH  HOH  HOH  HOH  HOH  HOH  HOH  HOH  HOH  HOH  HOH  HOH 
HOH  HOH  HOH  HOH  HOH  HOH  HOH  HOH  HOH  HOH  HOH  HOH  HOH  HOH  HOH  HOH 
HOH  HOH  HOH  HOH  HOH  HOH  HOH  HOH  HOH  HOH  HOH  HOH  HOH  HOH  HOH  HOH 
HOH  HOH  HOH  HOH  HOH  HOH  HOH  HOH  HOH  HOH  HOH  HOH  HOH  HOH  HOH  HOH 
HOH  HOH  HOH  HOH  HOH  HOH  HOH  HOH  HOH  HOH  HOH  HOH  HOH  HOH  HOH  HOH 
HOH  HOH  HOH  HOH  HOH  HOH  HOH  HOH  HOH  HOH  HOH  HOH  HOH  HOH  HOH  HOH 
HOH  HOH  HOH  HOH  HOH  HOH  HOH  HOH  HOH  HOH  HOH  HOH  HOH  HOH  HOH  HOH 
HOH  HOH  HOH  HOH  HOH  HOH  HOH  HOH  HOH  HOH  HOH  HOH  HOH  HOH  HOH  HOH 
HOH  HOH  HOH  HOH  HOH  HOH  HOH  HOH  HOH  HOH  HOH  HOH  HOH  HOH  HOH  HOH 
HOH  HOH  HOH  HOH  HOH  HOH  HOH  HOH  HOH  HOH  HOH  HOH  HOH  HOH  HOH  HOH 
HOH  HOH  HOH  HOH  HOH  HOH  HOH  HOH  HOH  HOH  HOH  HOH  HOH  HOH  HOH  HOH 
HOH  HOH  HOH  HOH  HOH  HOH  HOH  HOH  HOH  HOH  HOH  HOH  HOH  HOH  HOH  HOH 
HOH  HOH  HOH  HOH  HOH  HOH  HOH  HOH  HOH  HOH  HOH  HOH  HOH  HOH  HOH  HOH 
HOH  HOH  HOH  HOH  HOH  HOH  HOH  HOH  HOH  HOH  HOH  HOH  HOH  HOH  HOH  HOH 
HOH  HOH  HOH  HOH  HOH  HOH  HOH  HOH  HOH  HOH  HOH  HOH  HOH  HOH  HOH  HOH 
HOH  HOH  HOH  HOH  HOH  HOH  HOH  HOH  HOH  HOH  HOH  HOH  HOH  HOH  HOH  HOH 
HOH  HOH  HOH  HOH  HOH  HOH  HOH  HOH  HOH  HOH  HOH  HOH  HOH  HOH  HOH  HOH 
HOH  HOH  HOH  HOH  HOH  HOH  HOH  HOH  HOH  HOH  HOH  HOH  HOH  HOH  HOH  HOH 
HOH  HOH  HOH  HOH  HOH  HOH  HOH  HOH  HOH  HOH  HOH  HOH  HOH  HOH  HOH  HOH 
HOH  HOH  HOH  HOH  HOH  HOH  HOH  HOH  HOH  HOH  HOH  HOH  HOH  HOH  HOH  HOH 
HOH  HOH  HOH  HOH  HOH  HOH  HOH  HOH  HOH  HOH  HOH  HOH  HOH  HOH  HOH  HOH 
HOH  HOH  HOH  HOH  HOH  HOH  HOH  HOH  HOH  HOH  HOH  HOH  HOH  HOH  HOH  HOH 
HOH  HOH  HOH  HOH  HOH  HOH  HOH  HOH  HOH  HOH  HOH  HOH  HOH  HOH  HOH  HOH 
HOH  HOH  HOH  HOH  HOH  HOH  HOH  HOH  HOH  HOH  HOH  HOH  HOH  HOH  HOH  HOH 
HOH  HOH  HOH  HOH  HOH  HOH  HOH  HOH  HOH  HOH  HOH  HOH  HOH  HOH  HOH  HOH 
HOH  HOH  HOH  HOH  HOH  HOH  HOH  HOH  HOH  HOH  HOH  HOH  HOH  HOH  HOH  HOH 
HOH  HOH  HOH  HOH  HOH  HOH  HOH  HOH  HOH  HOH  HOH  HOH  HOH  HOH  HOH  HOH 
HOH  HOH  HOH  HOH  HOH  HOH  HOH  HOH  HOH  HOH  HOH  HOH  HOH  HOH  HOH  HOH 
HOH  HOH  HOH  HOH  HOH  HOH  HOH  HOH  HOH  HOH  HOH  HOH  HOH  HOH  HOH  HOH 
HOH  HOH  HOH  HOH  HOH  HOH  HOH  HOH  HOH  HOH  HOH  HOH  HOH  HOH  HOH  HOH 
HOH  HOH  HOH  HOH  HOH  HOH  HOH  HOH  HOH  HOH  HOH  HOH  HOH  HOH  HOH  HOH 
HOH  HOH  HOH  HOH  HOH  HOH  HOH  HOH  HOH  HOH  HOH  HOH  HOH  HOH  HOH  HOH 
HOH  HOH  HOH  HOH  HOH  HOH  HOH  HOH  HOH  HOH  HOH  HOH  HOH  HOH  HOH  HOH 
HOH  HOH  HOH  HOH  HOH  HOH  HOH  HOH  HOH  HOH  HOH  HOH  HOH  HOH  HOH  HOH 
HOH  HOH  HOH  HOH  HOH  HOH  HOH  HOH  HOH  HOH  HOH  HOH  HOH  HOH  HOH  HOH 
HOH  HOH  HOH  HOH  HOH  HOH  HOH  HOH  HOH  HOH  HOH  HOH  HOH  HOH  HOH  HOH 
HOH  HOH  HOH  HOH  HOH  HOH  HOH  HOH  HOH  HOH  HOH  HOH  HOH  HOH  HOH  HOH 
HOH  HOH  HOH  HOH  HOH  HOH  HOH  HOH  HOH  HOH  HOH  HOH  HOH  HOH  HOH  HOH 
HOH  HOH  HOH  HOH  HOH  HOH  HOH  HOH  HOH  HOH  HOH  HOH  HOH  HOH  HOH  HOH 
HOH  HOH  HOH  HOH  HOH  HOH  HOH  HOH  HOH  HOH  HOH  HOH  HOH  HOH  HOH  HOH 
HOH  HOH  HOH  HOH  HOH  HOH  HOH  HOH  HOH  HOH  HOH  HOH  HOH  HOH  HOH  HOH 
HOH  HOH  HOH  HOH  HOH  HOH  HOH  HOH  HOH  HOH  HOH  HOH  HOH  HOH  HOH  HOH 
HOH  HOH  HOH  HOH  HOH  HOH  HOH  HOH  HOH  HOH  HOH  HOH  HOH  HOH  HOH  HOH 
HOH  HOH  HOH  HOH  HOH  HOH  HOH  HOH  HOH  HOH  HOH  HOH  HOH  HOH  HOH  HOH 
HOH  HOH  HOH  HOH  HOH  HOH  HOH  HOH  HOH  HOH  HOH  HOH  HOH  HOH  HOH  HOH 
HOH  HOH  HOH  HOH  HOH  HOH  HOH  HOH  HOH  HOH  HOH  HOH  HOH  HOH  HOH  HOH 
HOH  HOH  HOH  HOH  HOH  HOH  HOH  HOH  HOH  HOH  HOH  HOH  HOH  HOH  HOH  HOH 
HOH  HOH  HOH  HOH  HOH  HOH  HOH  HOH  HOH  HOH  HOH  HOH  HOH  HOH  HOH  HOH 
HOH  HOH  HOH  HOH  HOH  HOH  HOH  HOH  HOH  HOH  HOH  HOH  HOH  HOH  HOH  HOH 
HOH  HOH  HOH  HOH  HOH  HOH  HOH  HOH  HOH  HOH  HOH  HOH  HOH  HOH  HOH  HOH 
HOH  HOH  HOH  HOH  HOH  HOH  HOH  HOH  HOH  HOH  HOH  HOH  HOH  HOH  HOH  HOH 
HOH  HOH  HOH  HOH  HOH  HOH  HOH  HOH  HOH  HOH  HOH  HOH 


Simulation sphere centre                   :     -5.718 -14.399  20.141
Simulation radius                          :     25.000

Solvation sphere centre                   :     -5.718 -14.399  20.141
Library entry used to generate solvent  :       HOH 
Radius of solvent sphere                =      25.00 A
Grid spacing                            =       3.10 A 
No. of solvent molecules in the sphere:  2109
Minimum distance to solute heavy atoms:  2.70 A
No. of solvent molecules to add to the system:     0
Assigned  7094 atom types.
Assigned  7094 atomic charges.
Made      3730 solute bonds.
Made         0 extra bonds.
Made      3390 solvent bonds.
Made      6726 solute angles.
Made      1130 solvent angles.
Made     13353 solute torsions.
Made         0 solvent torsions.
Made       737 solute impropers.
Made         0 solvent impropers.
Made      9722 entries in the 1-4 neighbour list.
Made         2 entries in the long-range 1-4 neighbour list.
Made     14975 entries in list of excluded neighbours.
Made         1 entries in list of long-range excluded neighbours.
Made         0 solute hydrogens.
Made         0 solvent hydrogens.
Made      816 solute  charge groups comprising a total of   2836 atoms.
Made     1130 solvent charge groups comprising a total of   3390 atoms.
Skipped   249excluded charge groups comprising a total of    868 atoms.
Effective water radius                     : 23.71
Topology successfully generated.

---------------------------- Writing topology file ---------------------------
solute atoms                :   3704
solvent atoms               :   3390
solvent mol atoms           :      3
co-ordinates                :  21282
integer atom codes          :   7094
solute bonds                :   3730
solvent bonds               :   3390
bond parameters             :     43
solute angles               :   6726
solvent angles              :   1130
angle parameters            :     80
torsions                    :  13353
torsion parameters          :    204
impropers                   :    737
improper parameters         :     48
charges                     :   7094
STOP Qprep terminated
total charge of not excluded:  -3.00
charge groups               :   1946
atom type parameters        :    208
polar LJ pairs              :      0
neighbour list              :   9722
long-range neighbour list   :      2
neighbour exclusion list    :  14975
long-range exclusions       :      1
residues                    :   1356
molecules                   :   1135
Atom type names             :    208
SYBYL type information      :    208
excluded atom list          :    868



PDB file successfully written.

