
Build and version information

Build number 5.10.24
Build date   20240701
Built:       
      by     hp
      on     hp-HP-Pavilion-Gaming-Laptop-15-ec0xxx
      git id 9325b9c29ad62a733df16f540968e33ee6c78260
      with   GNU Fortran Ubuntu 12.3.0-1ubuntu1~23.04 12.3.0
Current date 2025-10- 3 and time 21:33:24

Welcome in qprep modification date 20240701


--------------- Reading input from LMRR_WT2_MET88A_solvation.inp --------------

Reading molecular library /home/hp/nayanika/github/LmrR_EVB/parameters/qoplsaa.lib

name  atoms  net Q  bonds  rules   imps Q-grps
ALA      10   0.00      9      0      2      3
NAL      12   1.00     11      0      1      3
ALC      12   0.00     11      0      1      3
ARG      24   1.00     23      0      6      4
ARN      23   0.00     22      0      5      5
ASH      13   0.00     12      0      3      3
ASN      14   0.00     13      0      4      5
ASP      12  -1.00     11      0      3      3
CLA       1  -1.00      0      0      0    none, creating default
CYS      11   0.00     10      0      2      3
CYX      10   0.00      9      0      2      3
GLH      16   0.00     15      0      3      4
GLN      17   0.00     16      0      4      6
GLU      15  -1.00     14      0      3      4
GLY       7   0.00      6      0      2      2
NGL       9   1.00      8      0      1      2
GLC       9   0.00      8      0      1      2
HID      17   0.00     17      0      6      3
HIE      17   0.00     17      0      6      3
HIP      18   1.00     18      0      7      3
ILE      19   0.00     18      0      2      6
LEU      19   0.00     18      0      2      6
LYN      21   0.00     20      0      2      6
LYS      22   1.00     21      0      2      6
MET      17  -0.00     16      0      2      4
PHE      20   0.00     20      0      8      8
PRO      14   0.00     14      0      2      4
SER      11  -0.00     10      0      2      3
SOD       1   1.00      0      0      0      1
THR      14  -0.00     13      0      2      4
HOH       3   0.00      3      0      0      1
TRP      24   0.00     25      0     11      8
TYR      21   0.00     21      0      8      8
VAL      16   0.00     15      0      2      5
NME       6  -0.00      5      0      1      1
ACE       6   0.00      5      0      1      2

Accumulated no. of library entries loaded =  36


Reading molecular library /home/hp/nayanika/github/LmrR_EVB/parameters/LMRR.lib

name  atoms  net Q  bonds  rules   imps Q-grps
IND      19  -0.00     20      0      9      1
PAF      25  -0.00     25      0      8      1
prd      37   1.00     38      0     10      1
HO2       3   0.00      2      0      0      1
IMI      40   1.00     40      0     11      1

Accumulated no. of library entries loaded =  41


Reading force field parameter file.
Forcefield name:               OPLS-AA
Forcefield type:               AMBER
Lennard-Jones combination rule:GEOMETRIC
Scaling of 1-4 electrostatics: 0.500
Cut-off rule:                  switching atoms
Improper potential:            PERIODIC
Improper generation:           EXPLICIT
Coulomb constant:              332.0716
Read  208 atom types
>>>>> WARNING: No SYBYL name for one or more atom types.
Read    0 atom type alias names
Read    0 LJ type 2 pairs
Read  295 bond types
Read   51 unique bond parameters
>>>>> WARNING: No SYBYL bond type for one or more bond types.
Read  669 angle types
Read  106  unique angle parameters
Read 1852 torsion types
Read  274 unique torsion parameters
Read   95 improper types
Force field parameters successfully read.


>>>WARNING: ignoring unrecognised line in PDB file
END
PDB file contains  1878 atoms.
The number of atoms in the topology will be  3698
molecule    1: MET     1 - LYS   110
molecule    2: ALA     2 - ILE   114
molecule    3: IMI   115
molecule    4: IND   116
molecule    5: HO2   117

Successfully read PDB file with    5 molecules,
  226 residues totally (  226 in solute).
 3698 atoms totally ( 3698 in solute).

Sequence listing:

MET  ALA  GLU  ILE  PRO  LYS  GLU  MET  LEU  ARG  ALA  GLN  THR  ASN  ILE  LEU 
LEU  ASN  VAL  LEU  LYS  GLN  GLY  ASP  ASN  TYR  VAL  TYR  GLY  ILE  ILE  LYS 
STOP Qprep terminated
GLN  VAL  LYS  GLU  ALA  SER  ASN  GLY  GLU  MET  GLU  LEU  ASN  GLU  ALA  THR 
LEU  TYR  THR  ILE  PHE  LYS  ARG  LEU  GLU  LYS  ASP  GLY  ILE  ILE  SER  SER 
TYR  TRP  GLY  ASP  GLU  SER  GLN  GLY  GLY  ARG  ARG  LYS  TYR  TYR  ARG  LEU 
THR  GLU  ILE  GLY  HID  GLU  ASN  ALA  ARG  LEU  ALA  PHE  GLU  SER  TRP  SER 
ARG  VAL  ASP  LYS  ILE  ILE  GLU  ASN  LEU  GLU  ALA  ASN  LYS  LYS  ALA  GLU 
ILE  PRO  LYS  GLU  MET  LEU  ARG  ALA  GLN  THR  ASN  ILE  LEU  LEU  ASN  VAL 
LEU  LYS  GLN  GLY  ASP  ASN  TYR  VAL  TYR  GLY  ILE  ILE  LYS  GLN  VAL  LYS 
GLU  ALA  SER  ASN  GLY  GLU  MET  GLU  LEU  ASN  GLU  ALA  THR  LEU  TYR  THR 
ILE  PHE  LYS  ARG  LEU  GLU  LYS  ASP  GLY  ILE  ILE  SER  SER  TYR  TRP  GLY 
ASP  GLU  SER  GLN  GLY  GLY  ARG  ARG  LYS  TYR  TYR  ARG  LEU  THR  GLU  ILE 
GLY  HID  GLU  ASN  ALA  ARG  LEU  ALA  PHE  GLU  SER  TRP  SER  ARG  VAL  ASP 
LYS  ILE  ILE  GLU  ASN  LEU  GLU  ALA  ASN  LYS  LYS  SER  GLU  ALA  ILE  IMI 
IND  HO2 


Simulation sphere centre                   :     -5.718 -14.399  20.141
Simulation radius                          :     25.000

Solvation sphere centre                   :     -5.718 -14.399  20.141
Library entry used to generate solvent  :       HOH 
Radius of solvent sphere                =      25.00 A
Grid spacing                            =       3.10 A 
No. of solvent molecules in the sphere:  2109
Minimum distance to solute heavy atoms:  2.70 A
No. of solvent molecules to add to the system:  1131
Assigned  7091 atom types.
Assigned  7091 atomic charges.
Made      3724 solute bonds.
Made         0 extra bonds.
Made      3393 solvent bonds.
Made      6712 solute angles.
Made      1131 solvent angles.
Made     13343 solute torsions.
Made         0 solvent torsions.
Made       741 solute impropers.
Made         0 solvent impropers.
Made      9712 entries in the 1-4 neighbour list.
Made         2 entries in the long-range 1-4 neighbour list.
Made     14959 entries in list of excluded neighbours.
Made         1 entries in list of long-range excluded neighbours.
Made      1820 solute hydrogens.
Made      2262 solvent hydrogens.
Made      818 solute  charge groups comprising a total of   2830 atoms.
Made     1131 solvent charge groups comprising a total of   3393 atoms.
Skipped   249excluded charge groups comprising a total of    868 atoms.
Effective water radius                     : 23.72
Topology successfully generated.

---------------------------- Writing topology file ---------------------------
solute atoms                :   3698
solvent atoms               :   3393
solvent mol atoms           :      3
co-ordinates                :  21273
integer atom codes          :   7091
solute bonds                :   3724
solvent bonds               :   3393
bond parameters             :     43
solute angles               :   6712
solvent angles              :   1131
angle parameters            :     80
torsions                    :  13343
torsion parameters          :    204
impropers                   :    741
improper parameters         :     48
charges                     :   7091
total charge of not excluded:  -3.00
charge groups               :   1949
atom type parameters        :    208
polar LJ pairs              :      0
neighbour list              :   9712
long-range neighbour list   :      2
neighbour exclusion list    :  14959
long-range exclusions       :      1
residues                    :   1357
molecules                   :   1136
Atom type names             :    208
SYBYL type information      :    208
excluded atom list          :    868



PDB file successfully written.

