
Build and version information

Build number 5.10.25
Build date   20240701
Built:       
      by     hp
      on     hp-HP-Pavilion-Gaming-Laptop-15-ec0xxx
      git id 9325b9c29ad62a733df16f540968e33ee6c78260
      with   GNU Fortran Ubuntu 12.3.0-1ubuntu1~23.04 12.3.0
Current date 2025- 9-26 and time 19:35:21

----------------------- Reading input from relax_001.inp ----------------------
Boundary: sphere
Number of MD steps =       100  Stepsize (fs)    =     0.100
Target temperature =      0.10  T-relax time     =      0.10
 No thermostat chosen. Berendsen thermostat will be used.
 Leap frog integrator used by default.
Solute and solvent atoms coupled separately to heat bath.
Initial velocities will be generated from Maxwell distribution:
Maxwell temperature=      0.10 Random number seed=    579712
Shake constaints on all solvent bonds    : on 
Shake constaints on all solute bonds     : off
Shake constaints on all bonds to hydrogen: off
Nonbonded method   = LRF Taylor expansion outside cut-off
Cut-off radii for non-bonded interactions:
Solute-solute:     10.00
Solvent-solvent:   10.00
Solute-solvent:    10.00
Q-atom-non-Q-atom: 99.00
LRF:               99.00
Radius of inner restrained shell       =     200.000
Excluded atoms force constant set to default
Excluded atom restraint force constant         =  200.00
Non-bonded pair list update interval   =      25
Energy summary print-out interval      =      10
Temperature print-out interval         =      10
Trajectory write interval              =      10
No energy file written.
All atoms will be included in the trajectory.
Topology file      = WT_solvated.top
Initial coordinates taken from topology.
Final coord. file  = relax_001.re
Trajectory file    = relax_001.dcd
FEP input file     = LMRR_WT_fixed.fep

lambda-values      =  1.00000 0.00000

List of excluded atom groups

Listing of restraining data:

No. of sequence restraints =         1
  atom_i  atom_j      fc  H-flag to_centre
       1    3650  200.00       0         0

No. of distance restraints =        38
atom_i atom_j   dist1   dist2   fc        state
  3666   3694    0.00    3.20  200.00       0
  3664   3654    0.00    3.20  200.00       0
  3712   3710    0.00    3.20  200.00       0
  3712   3654    0.00    3.20  200.00       0
  3710   3664    0.00    3.20  200.00       0
  3711   3664    0.00    3.20  200.00       0
  3664   3665    0.00    1.54  200.00       0
  3665   3666    0.00    1.54  200.00       0
  3666   3667    0.00    1.54  200.00       0
  3667   3668    0.00    1.54  200.00       0
  3668   3669    0.00    1.54  200.00       0
  3667   3684    0.00    1.09  150.00       0
  3666   3682    0.00    1.09  150.00       0
  3664   3681    0.00    1.09  100.00       0
  3664   3694    0.00    1.54  100.00       0
  3666   3710    0.00    1.43  100.00       0
  3667   1964    0.00    8.00  100.00       0
  3668   1964    0.00   10.00  100.00       0
  3669   1964    0.00   12.00  100.00       0
>>> ERROR: Invalid distance restraint data.

!!!!!!!!!!!!!!!!!!!!!!!!!!!!! ABNORMAL TERMINATION !!!!!!!!!!!!!!!!!!!!!!!!!!!!
!!!!!!!!!!!!!!!!!!!!!!!!!!!!!!!!!!!!!!!!!!!!!!!!!!!!!!!!!!!!!!!!!!!!!!!!!!!!!!!
ABNORMAL TERMINATION of Qdyn5
Terminating due to Invalid data in input file
!!!!!!!!!!!!!!!!!!!!!!!!!!!!!!!!!!!!!!!!!!!!!!!!!!!!!!!!!!!!!!!!!!!!!!!!!!!!!!!
